library/build/intermediates/manifest_merge_blame_file/debug/manifest-merger-blame-debug-report.txt
1<?xml version="1.0" encoding="utf-8"?>
2<manifest xmlns:android="http://schemas.android.com/apk/res/android"
3    package="com.evernote.androidsdk" >
4
5    <uses-sdk
6        android:minSdkVersion="14"
6-->src\main\AndroidManifest.xml
7        android:targetSdkVersion="26" />
7-->src\main\AndroidManifest.xml
8
9    <uses-permission android:name="android.permission.INTERNET" />
9-->src\main\AndroidManifest.xml:6:5-66
9-->src\main\AndroidManifest.xml:6:22-64
10
11    <application>
11-->src\main\AndroidManifest.xml:8:5-11:19
12        <activity android:name="com.evernote.client.android.EvernoteOAuthActivity" />
12-->src\main\AndroidManifest.xml:9:9-85
12-->src\main\AndroidManifest.xml:9:19-83
13        <activity android:name="com.evernote.client.android.login.EvernoteLoginActivity" />
13-->src\main\AndroidManifest.xml:10:9-91
13-->src\main\AndroidManifest.xml:10:19-89
14    </application>
15
16</manifest>